<?xml version="1.0" encoding="UTF-8"?>
<testsuite xmlns:xsi="http://www.w3.org/2001/XMLSchema-instance" xsi:noNamespaceSchemaLocation="https://maven.apache.org/surefire/maven-surefire-plugin/xsd/surefire-test-report.xsd" version="3.0.2" name="edu.pict.ecommerce.authservice.AuthServiceApplicationTests" time="7.852" tests="1" errors="0" skipped="0" failures="0">
  <properties>
[...]
</properties>
  <testcase name="contextLoads" classname="edu.pict.ecommerce.authservice.AuthServiceApplicationTests" time="0.336">
    <system-out><![CDATA[14:10:17.126 [main] INFO org.springframework.test.context.support.AnnotationConfigContextLoaderUtils -- Could not detect default configuration classes for test class [edu.pict.ecommerce.authservice.AuthServiceApplicationTests]: AuthServiceApplicationTests does not declare any static, non-private, non-final, nested classes annotated with @Configuration.
14:10:17.218 [main] INFO org.springframework.boot.test.context.SpringBootTestContextBootstrapper -- Found @SpringBootConfiguration edu.pict.ecommerce.authservice.AuthServiceApplication for test class edu.pict.ecommerce.authservice.AuthServiceApplicationTests
14:10:17.544 [main] INFO org.springframework.boot.devtools.restart.RestartApplicationListener -- Restart disabled due to context in which it is running

  .   ____          _            __ _ _
 /\\ / ___'_ __ _ _(_)_ __  __ _ \ \ \ \
( ( )\___ | '_ | '_| | '_ \/ _` | \ \ \ \
 \\/  ___)| |_)| | | | | || (_| |  ) ) ) )
  '  |____| .__|_| |_|_| |_\__, | / / / /
 =========|_|==============|___/=/_/_/_/

 :: Spring Boot ::                (v3.5.3)

2025-07-24T14:10:18.007+05:30  INFO 13268 --- [AuthService] [           main] e.p.e.a.AuthServiceApplicationTests      : Starting AuthServiceApplicationTests using Java 17.0.12 with PID 13268 (started by hp in C:\Users\hp\Desktop\Anti Plagarism Interface\Backend\AuthService)
2025-07-24T14:10:18.009+05:30  INFO 13268 --- [AuthService] [           main] e.p.e.a.AuthServiceApplicationTests      : No active profile set, falling back to 1 default profile: "default"
2025-07-24T14:10:18.041+05:30 DEBUG 13268 --- [AuthService] [           main] o.s.w.c.s.GenericWebApplicationContext   : Refreshing org.springframework.web.context.support.GenericWebApplicationContext@6daf2337
2025-07-24T14:10:19.094+05:30  INFO 13268 --- [AuthService] [           main] .s.d.r.c.RepositoryConfigurationDelegate : Bootstrapping Spring Data JPA repositories in DEFAULT mode.
2025-07-24T14:10:19.248+05:30  INFO 13268 --- [AuthService] [           main] .s.d.r.c.RepositoryConfigurationDelegate : Finished Spring Data repository scanning in 141 ms. Found 1 JPA repository interface.
2025-07-24T14:10:19.525+05:30  INFO 13268 --- [AuthService] [           main] o.s.cloud.context.scope.GenericScope     : BeanFactory id=ed2863fb-d68f-314d-8df9-c7fbb4ad96ea
2025-07-24T14:10:19.928+05:30  INFO 13268 --- [AuthService] [           main] o.hibernate.jpa.internal.util.LogHelper  : HHH000204: Processing PersistenceUnitInfo [name: default]
2025-07-24T14:10:20.000+05:30  INFO 13268 --- [AuthService] [           main] org.hibernate.Version                    : HHH000412: Hibernate ORM core version 6.6.18.Final
2025-07-24T14:10:20.045+05:30  INFO 13268 --- [AuthService] [           main] o.h.c.internal.RegionFactoryInitiator    : HHH000026: Second-level cache disabled
2025-07-24T14:10:20.434+05:30  INFO 13268 --- [AuthService] [           main] o.s.o.j.p.SpringPersistenceUnitInfo      : No LoadTimeWeaver setup: ignoring JPA class transformer
2025-07-24T14:10:20.471+05:30  INFO 13268 --- [AuthService] [           main] com.zaxxer.hikari.HikariDataSource       : HikariPool-1 - Starting...
2025-07-24T14:10:20.763+05:30  INFO 13268 --- [AuthService] [           main] com.zaxxer.hikari.pool.HikariPool        : HikariPool-1 - Added connection com.mysql.cj.jdbc.ConnectionImpl@14624acc
2025-07-24T14:10:20.766+05:30  INFO 13268 --- [AuthService] [           main] com.zaxxer.hikari.HikariDataSource       : HikariPool-1 - Start completed.
2025-07-24T14:10:20.828+05:30  INFO 13268 --- [AuthService] [           main] org.hibernate.orm.connections.pooling    : HHH10001005: Database info:
	Database JDBC URL [Connecting through datasource 'HikariDataSource (HikariPool-1)']
	Database driver: undefined/unknown
	Database version: 9.3
	Autocommit mode: undefined/unknown
	Isolation level: undefined/unknown
	Minimum pool size: undefined/unknown
	Maximum pool size: undefined/unknown
2025-07-24T14:10:21.588+05:30  INFO 13268 --- [AuthService] [           main] o.h.e.t.j.p.i.JtaPlatformInitiator       : HHH000489: No JTA platform available (set 'hibernate.transaction.jta.platform' to enable JTA platform integration)
2025-07-24T14:10:21.628+05:30  INFO 13268 --- [AuthService] [           main] j.LocalContainerEntityManagerFactoryBean : Initialized JPA EntityManagerFactory for persistence unit 'default'
2025-07-24T14:10:22.106+05:30  INFO 13268 --- [AuthService] [           main] eAuthenticationProviderManagerConfigurer : Global AuthenticationManager configured with AuthenticationProvider bean with name authenticationProvider
2025-07-24T14:10:22.107+05:30  WARN 13268 --- [AuthService] [           main] r$InitializeUserDetailsManagerConfigurer : Global AuthenticationManager configured with an AuthenticationProvider bean. UserDetailsService beans will not be used by Spring Security for automatically configuring username/password login. Consider removing the AuthenticationProvider bean. Alternatively, consider using the UserDetailsService in a manually instantiated DaoAuthenticationProvider. If the current configuration is intentional, to turn off this warning, increase the logging level of 'org.springframework.security.config.annotation.authentication.configuration.InitializeUserDetailsBeanManagerConfigurer' to ERROR
2025-07-24T14:10:22.227+05:30  WARN 13268 --- [AuthService] [           main] JpaBaseConfiguration$JpaWebConfiguration : spring.jpa.open-in-view is enabled by default. Therefore, database queries may be performed during view rendering. Explicitly configure spring.jpa.open-in-view to disable this warning
2025-07-24T14:10:22.348+05:30 DEBUG 13268 --- [AuthService] [           main] s.w.s.m.m.a.RequestMappingHandlerMapping : 5 mappings in 'requestMappingHandlerMapping'
2025-07-24T14:10:22.517+05:30 DEBUG 13268 --- [AuthService] [           main] o.s.w.s.handler.SimpleUrlHandlerMapping  : Patterns [/webjars/**, /**] in 'resourceHandlerMapping'
2025-07-24T14:10:22.921+05:30  INFO 13268 --- [AuthService] [           main] o.s.b.a.e.web.EndpointLinksResolver      : Exposing 1 endpoint beneath base path '/actuator'
2025-07-24T14:10:23.234+05:30 DEBUG 13268 --- [AuthService] [           main] s.w.s.m.m.a.RequestMappingHandlerAdapter : ControllerAdvice beans: 0 @ModelAttribute, 0 @InitBinder, 1 RequestBodyAdvice, 1 ResponseBodyAdvice
2025-07-24T14:10:23.314+05:30 DEBUG 13268 --- [AuthService] [           main] .m.m.a.ExceptionHandlerExceptionResolver : ControllerAdvice beans: 1 @ExceptionHandler, 1 ResponseBodyAdvice
2025-07-24T14:10:23.849+05:30  INFO 13268 --- [AuthService] [           main] DiscoveryClientOptionalArgsConfiguration : Eureka HTTP Client uses RestTemplate.
2025-07-24T14:10:23.918+05:30  WARN 13268 --- [AuthService] [           main] iguration$LoadBalancerCaffeineWarnLogger : Spring Cloud LoadBalancer is currently working with the default cache. While this cache implementation is useful for development and tests, it's recommended to use Caffeine cache in production.You can switch to using Caffeine cache, by adding it and org.springframework.cache.caffeine.CaffeineCacheManager to the classpath.
2025-07-24T14:10:24.006+05:30  INFO 13268 --- [AuthService] [           main] o.s.c.n.eureka.InstanceInfoFactory       : Setting initial instance status as: STARTING
2025-07-24T14:10:24.042+05:30  INFO 13268 --- [AuthService] [           main] com.netflix.discovery.DiscoveryClient    : Initializing Eureka in region us-east-1
2025-07-24T14:10:24.047+05:30  INFO 13268 --- [AuthService] [           main] c.n.d.s.r.aws.ConfigClusterResolver      : Resolving eureka endpoints via configuration
2025-07-24T14:10:24.063+05:30  INFO 13268 --- [AuthService] [           main] com.netflix.discovery.DiscoveryClient    : Disable delta property : false
2025-07-24T14:10:24.064+05:30  INFO 13268 --- [AuthService] [           main] com.netflix.discovery.DiscoveryClient    : Single vip registry refresh property : null
2025-07-24T14:10:24.064+05:30  INFO 13268 --- [AuthService] [           main] com.netflix.discovery.DiscoveryClient    : Force full registry fetch : false
2025-07-24T14:10:24.064+05:30  INFO 13268 --- [AuthService] [           main] com.netflix.discovery.DiscoveryClient    : Application is null : false
2025-07-24T14:10:24.064+05:30  INFO 13268 --- [AuthService] [           main] com.netflix.discovery.DiscoveryClient    : Registered Applications size is zero : true
2025-07-24T14:10:24.064+05:30  INFO 13268 --- [AuthService] [           main] com.netflix.discovery.DiscoveryClient    : Application version is -1: true
2025-07-24T14:10:24.064+05:30  INFO 13268 --- [AuthService] [           main] com.netflix.discovery.DiscoveryClient    : Getting all instance registry info from the eureka server
2025-07-24T14:10:24.226+05:30 DEBUG 13268 --- [AuthService] [           main] o.s.web.client.RestTemplate              : HTTP GET http://localhost:8761/eureka/apps/
2025-07-24T14:10:24.356+05:30 DEBUG 13268 --- [AuthService] [           main] o.s.web.client.RestTemplate              : Accept=[application/json, application/*+json]
2025-07-24T14:10:24.404+05:30 DEBUG 13268 --- [AuthService] [           main] o.s.web.client.RestTemplate              : Response 200 OK
2025-07-24T14:10:24.407+05:30 DEBUG 13268 --- [AuthService] [           main] o.s.web.client.RestTemplate              : Reading to [org.springframework.cloud.netflix.eureka.http.EurekaApplications]
2025-07-24T14:10:24.424+05:30  INFO 13268 --- [AuthService] [           main] com.netflix.discovery.DiscoveryClient    : The response status is 200
2025-07-24T14:10:24.425+05:30  INFO 13268 --- [AuthService] [           main] com.netflix.discovery.DiscoveryClient    : Starting heartbeat executor: renew interval is: 30
2025-07-24T14:10:24.426+05:30  INFO 13268 --- [AuthService] [           main] c.n.discovery.InstanceInfoReplicator     : InstanceInfoReplicator onDemand update allowed rate per min is 4
2025-07-24T14:10:24.429+05:30  INFO 13268 --- [AuthService] [           main] com.netflix.discovery.DiscoveryClient    : Discovery Client initialized at timestamp 1753346424428 with initial instances count: 0
2025-07-24T14:10:24.431+05:30  INFO 13268 --- [AuthService] [           main] o.s.c.n.e.s.EurekaServiceRegistry        : Registering application AUTHSERVICE with eureka with status UP
2025-07-24T14:10:24.433+05:30  INFO 13268 --- [AuthService] [           main] com.netflix.discovery.DiscoveryClient    : Saw local status change event StatusChangeEvent [timestamp=1753346424433, current=UP, previous=STARTING]
2025-07-24T14:10:24.434+05:30  INFO 13268 --- [AuthService] [foReplicator-%d] com.netflix.discovery.DiscoveryClient    : DiscoveryClient_AUTHSERVICE/DESKTOP-GV82GK3:AuthService:8081: registering service...
2025-07-24T14:10:24.440+05:30 DEBUG 13268 --- [AuthService] [foReplicator-%d] o.s.web.client.RestTemplate              : HTTP POST http://localhost:8761/eureka/apps/AUTHSERVICE
2025-07-24T14:10:24.444+05:30 DEBUG 13268 --- [AuthService] [foReplicator-%d] o.s.web.client.RestTemplate              : Accept=[application/json, application/*+json]
2025-07-24T14:10:24.453+05:30  INFO 13268 --- [AuthService] [           main] e.p.e.a.AuthServiceApplicationTests      : Started AuthServiceApplicationTests in 6.919 seconds (process running for 8.087)
2025-07-24T14:10:24.471+05:30 DEBUG 13268 --- [AuthService] [foReplicator-%d] o.s.web.client.RestTemplate              : Writing [InstanceInfo [instanceId = DESKTOP-GV82GK3:AuthService:8081, appName = AUTHSERVICE, hostName = DESKTOP-GV82GK3, status = UP, ipAddr = 192.168.1.103, port = 8081, securePort = 443, dataCenterInfo = com.netflix.appinfo.MyDataCenterInfo@23674e3d] as "application/json"
2025-07-24T14:10:24.502+05:30 DEBUG 13268 --- [AuthService] [foReplicator-%d] o.s.web.client.RestTemplate              : Response 204 NO_CONTENT
2025-07-24T14:10:24.502+05:30  INFO 13268 --- [AuthService] [foReplicator-%d] com.netflix.discovery.DiscoveryClient    : DiscoveryClient_AUTHSERVICE/DESKTOP-GV82GK3:AuthService:8081 - registration status: 204
]]></system-out>
  </testcase>
</testsuite>