<?xml version="1.0" encoding="UTF-8"?>
<testsuite xmlns:xsi="http://www.w3.org/2001/XMLSchema-instance" xsi:noNamespaceSchemaLocation="https://maven.apache.org/surefire/maven-surefire-plugin/xsd/surefire-test-report.xsd" version="3.0.2" name="edu.pict.sumissionservice.SubmissionServiceApplicationTests" time="7.654" tests="1" errors="0" skipped="0" failures="0">
  <properties>
[...]
</properties>
  <testcase name="contextLoads" classname="edu.pict.sumissionservice.SubmissionServiceApplicationTests" time="0.539">
    <system-out><![CDATA[08:42:08.717 [main] INFO org.springframework.test.context.support.AnnotationConfigContextLoaderUtils -- Could not detect default configuration classes for test class [edu.pict.sumissionservice.SubmissionServiceApplicationTests]: SubmissionServiceApplicationTests does not declare any static, non-private, non-final, nested classes annotated with @Configuration.
08:42:08.811 [main] INFO org.springframework.boot.test.context.SpringBootTestContextBootstrapper -- Found @SpringBootConfiguration edu.pict.sumissionservice.SubmissionServiceApplication for test class edu.pict.sumissionservice.SubmissionServiceApplicationTests
08:42:09.132 [main] INFO org.springframework.boot.devtools.restart.RestartApplicationListener -- Restart disabled due to context in which it is running

  .   ____          _            __ _ _
 /\\ / ___'_ __ _ _(_)_ __  __ _ \ \ \ \
( ( )\___ | '_ | '_| | '_ \/ _` | \ \ \ \
 \\/  ___)| |_)| | | | | || (_| |  ) ) ) )
  '  |____| .__|_| |_|_| |_\__, | / / / /
 =========|_|==============|___/=/_/_/_/

 :: Spring Boot ::                (v3.5.4)

2025-07-28T08:42:09.576+05:30  INFO 26464 --- [SubmissionService] [           main] e.p.s.SubmissionServiceApplicationTests  : Starting SubmissionServiceApplicationTests using Java 17.0.12 with PID 26464 (started by hp in C:\Users\hp\Desktop\Anti Plagarism Interface\Backend\SubmissionService)
2025-07-28T08:42:09.577+05:30  INFO 26464 --- [SubmissionService] [           main] e.p.s.SubmissionServiceApplicationTests  : No active profile set, falling back to 1 default profile: "default"
2025-07-28T08:42:10.439+05:30  INFO 26464 --- [SubmissionService] [           main] .s.d.r.c.RepositoryConfigurationDelegate : Bootstrapping Spring Data JPA repositories in DEFAULT mode.
2025-07-28T08:42:10.471+05:30  INFO 26464 --- [SubmissionService] [           main] .s.d.r.c.RepositoryConfigurationDelegate : Finished Spring Data repository scanning in 17 ms. Found 0 JPA repository interfaces.
2025-07-28T08:42:10.683+05:30  INFO 26464 --- [SubmissionService] [           main] o.s.cloud.context.scope.GenericScope     : BeanFactory id=68eef96a-0af7-3c7b-8d4e-9867aa1c0c6d
2025-07-28T08:42:11.298+05:30  INFO 26464 --- [SubmissionService] [           main] o.hibernate.jpa.internal.util.LogHelper  : HHH000204: Processing PersistenceUnitInfo [name: default]
2025-07-28T08:42:11.380+05:30  INFO 26464 --- [SubmissionService] [           main] org.hibernate.Version                    : HHH000412: Hibernate ORM core version 6.6.22.Final
2025-07-28T08:42:11.433+05:30  INFO 26464 --- [SubmissionService] [           main] o.h.c.internal.RegionFactoryInitiator    : HHH000026: Second-level cache disabled
2025-07-28T08:42:11.874+05:30  INFO 26464 --- [SubmissionService] [           main] o.s.o.j.p.SpringPersistenceUnitInfo      : No LoadTimeWeaver setup: ignoring JPA class transformer
2025-07-28T08:42:11.911+05:30  INFO 26464 --- [SubmissionService] [           main] com.zaxxer.hikari.HikariDataSource       : HikariPool-1 - Starting...
2025-07-28T08:42:12.320+05:30  INFO 26464 --- [SubmissionService] [           main] com.zaxxer.hikari.pool.HikariPool        : HikariPool-1 - Added connection com.mysql.cj.jdbc.ConnectionImpl@a1b7549
2025-07-28T08:42:12.323+05:30  INFO 26464 --- [SubmissionService] [           main] com.zaxxer.hikari.HikariDataSource       : HikariPool-1 - Start completed.
2025-07-28T08:42:12.718+05:30  INFO 26464 --- [SubmissionService] [           main] org.hibernate.orm.connections.pooling    : HHH10001005: Database info:
	Database JDBC URL [Connecting through datasource 'HikariDataSource (HikariPool-1)']
	Database driver: undefined/unknown
	Database version: 9.3
	Autocommit mode: undefined/unknown
	Isolation level: undefined/unknown
	Minimum pool size: undefined/unknown
	Maximum pool size: undefined/unknown
2025-07-28T08:42:13.520+05:30  INFO 26464 --- [SubmissionService] [           main] o.h.e.t.j.p.i.JtaPlatformInitiator       : HHH000489: No JTA platform available (set 'hibernate.transaction.jta.platform' to enable JTA platform integration)
2025-07-28T08:42:13.525+05:30  INFO 26464 --- [SubmissionService] [           main] j.LocalContainerEntityManagerFactoryBean : Initialized JPA EntityManagerFactory for persistence unit 'default'
2025-07-28T08:42:13.881+05:30  INFO 26464 --- [SubmissionService] [           main] n.d.b.g.c.a.GrpcClientAutoConfiguration  : Detected grpc-netty-shaded: Creating ShadedNettyChannelFactory + InProcessChannelFactory
2025-07-28T08:42:14.331+05:30  WARN 26464 --- [SubmissionService] [           main] JpaBaseConfiguration$JpaWebConfiguration : spring.jpa.open-in-view is enabled by default. Therefore, database queries may be performed during view rendering. Explicitly configure spring.jpa.open-in-view to disable this warning
2025-07-28T08:42:14.936+05:30  INFO 26464 --- [SubmissionService] [           main] DiscoveryClientOptionalArgsConfiguration : Eureka HTTP Client uses RestTemplate.
2025-07-28T08:42:15.184+05:30  WARN 26464 --- [SubmissionService] [           main] iguration$LoadBalancerCaffeineWarnLogger : Spring Cloud LoadBalancer is currently working with the default cache. While this cache implementation is useful for development and tests, it's recommended to use Caffeine cache in production.You can switch to using Caffeine cache, by adding it and org.springframework.cache.caffeine.CaffeineCacheManager to the classpath.
2025-07-28T08:42:15.227+05:30  INFO 26464 --- [SubmissionService] [           main] o.s.c.n.eureka.InstanceInfoFactory       : Setting initial instance status as: STARTING
2025-07-28T08:42:15.258+05:30  INFO 26464 --- [SubmissionService] [           main] com.netflix.discovery.DiscoveryClient    : Initializing Eureka in region us-east-1
2025-07-28T08:42:15.263+05:30  INFO 26464 --- [SubmissionService] [           main] c.n.d.s.r.aws.ConfigClusterResolver      : Resolving eureka endpoints via configuration
2025-07-28T08:42:15.277+05:30  INFO 26464 --- [SubmissionService] [           main] com.netflix.discovery.DiscoveryClient    : Disable delta property : false
2025-07-28T08:42:15.277+05:30  INFO 26464 --- [SubmissionService] [           main] com.netflix.discovery.DiscoveryClient    : Single vip registry refresh property : null
2025-07-28T08:42:15.277+05:30  INFO 26464 --- [SubmissionService] [           main] com.netflix.discovery.DiscoveryClient    : Force full registry fetch : false
2025-07-28T08:42:15.277+05:30  INFO 26464 --- [SubmissionService] [           main] com.netflix.discovery.DiscoveryClient    : Application is null : false
2025-07-28T08:42:15.278+05:30  INFO 26464 --- [SubmissionService] [           main] com.netflix.discovery.DiscoveryClient    : Registered Applications size is zero : true
2025-07-28T08:42:15.278+05:30  INFO 26464 --- [SubmissionService] [           main] com.netflix.discovery.DiscoveryClient    : Application version is -1: true
2025-07-28T08:42:15.278+05:30  INFO 26464 --- [SubmissionService] [           main] com.netflix.discovery.DiscoveryClient    : Getting all instance registry info from the eureka server
2025-07-28T08:42:15.667+05:30  INFO 26464 --- [SubmissionService] [           main] com.netflix.discovery.DiscoveryClient    : The response status is 200
2025-07-28T08:42:15.668+05:30  INFO 26464 --- [SubmissionService] [           main] com.netflix.discovery.DiscoveryClient    : Starting heartbeat executor: renew interval is: 30
2025-07-28T08:42:15.669+05:30  INFO 26464 --- [SubmissionService] [           main] c.n.discovery.InstanceInfoReplicator     : InstanceInfoReplicator onDemand update allowed rate per min is 4
2025-07-28T08:42:15.671+05:30  INFO 26464 --- [SubmissionService] [           main] com.netflix.discovery.DiscoveryClient    : Discovery Client initialized at timestamp 1753672335670 with initial instances count: 0
2025-07-28T08:42:15.673+05:30  INFO 26464 --- [SubmissionService] [           main] o.s.c.n.e.s.EurekaServiceRegistry        : Registering application SUBMISSIONSERVICE with eureka with status UP
2025-07-28T08:42:15.674+05:30  INFO 26464 --- [SubmissionService] [           main] com.netflix.discovery.DiscoveryClient    : Saw local status change event StatusChangeEvent [timestamp=1753672335674, current=UP, previous=STARTING]
2025-07-28T08:42:15.676+05:30  INFO 26464 --- [SubmissionService] [foReplicator-%d] com.netflix.discovery.DiscoveryClient    : DiscoveryClient_SUBMISSIONSERVICE/DESKTOP-GV82GK3:SubmissionService:9099: registering service...
2025-07-28T08:42:15.685+05:30  INFO 26464 --- [SubmissionService] [           main] e.p.s.SubmissionServiceApplicationTests  : Started SubmissionServiceApplicationTests in 6.567 seconds (process running for 7.661)
2025-07-28T08:42:15.740+05:30  INFO 26464 --- [SubmissionService] [foReplicator-%d] com.netflix.discovery.DiscoveryClient    : DiscoveryClient_SUBMISSIONSERVICE/DESKTOP-GV82GK3:SubmissionService:9099 - registration status: 204
]]></system-out>
  </testcase>
</testsuite>